<?xml version="1.0"?><testsuites><testsuite errors="0" failures="0" skipped="0" name="Elixir.HomePageTests" tests="5" time="12.9662"><properties><property name="date" value="2025-02-08T13:41:23.064393Z"/><property name="seed" value="45468"/></properties><testcase classname="Elixir.HomePageTests" name="test Login page test - successful logout" time="3.0026"/><testcase classname="Elixir.HomePageTests" name="test Checkbox test" time="2.2940"/><testcase classname="Elixir.HomePageTests" name="test Login page test - successful login" time="2.9172"/><testcase classname="Elixir.HomePageTests" name="test Key presses test" time="2.3708"/><testcase classname="Elixir.HomePageTests" name="test Internet dropdown test" time="2.3816"/></testsuite></testsuites>