<?xml version="1.0"?><testsuites><testsuite errors="0" failures="0" skipped="4" name="Elixir.HomePageTests" tests="5" time="2.6199"><properties><property name="date" value="2025-02-08T16:44:30.864299Z"/><property name="seed" value="823297"/></properties><testcase classname="Elixir.HomePageTests" name="test Internet dropdown test" time="2.6199"/><testcase classname="Elixir.HomePageTests" name="test Checkbox test" time="0.0000"><skipped message="due to test filter"/></testcase><testcase classname="Elixir.HomePageTests" name="test Login page test - successful login" time="0.0000"><skipped message="due to test filter"/></testcase><testcase classname="Elixir.HomePageTests" name="test Login page test - successful logout" time="0.0000"><skipped message="due to test filter"/></testcase><testcase classname="Elixir.HomePageTests" name="test Key presses test" time="0.0000"><skipped message="due to test filter"/></testcase></testsuite></testsuites>