{"uid":"cfde42d8ed9846c9","name":"EXTRA Tier 2 CWS plan consumption with current flow - SE","fullName":"testcases.ExtraTier2SETests.CWSConsumptionFlowTier2SE","historyId":"5712fe8aa0a858fb41548e571e0df264","time":{"start":1743170996433,"stop":1743170998540,"duration":2107},"description":"EXTRA Tier 2 CWS plan consumption with CURRENT flow - SE","descriptionHtml":"<p>EXTRA Tier 2 CWS plan consumption with CURRENT flow - SE</p>\n","status":"broken","statusMessage":"Test '[EXTRA Tier 2] CWS plan consumption with current flow - SE' failed due to configuration error!\nError details\n1 expectation failed.\nExpected status code <202> but was <429>.\n\nOn fail message: {\n    \"message\": \"Rate limit is exceeded. Try again later.\"\n}\n----------------------------------------\n\n[java.base/jdk.internal.reflect.GeneratedConstructorAccessor195.newInstance(Unknown Source), java.base/jdk.internal.reflect.DelegatingConstructorAccessorImpl.newInstance(DelegatingConstructorAccessorImpl.java:45), java.base/java.lang.reflect.Constructor.newInstanceWithCaller(Constructor.java:500), java.base/java.lang.reflect.Constructor.newInstance(Constructor.java:481), org.codehaus.groovy.reflection.CachedConstructor.invoke(CachedConstructor.java:73), org.codehaus.groovy.runtime.callsite.ConstructorSite$ConstructorSiteNoUnwrapNoCoerce.callConstructor(ConstructorSite.java:108), org.codehaus.groovy.runtime.callsite.AbstractCallSite.callConstructor(AbstractCallSite.java:277), io.restassured.internal.ResponseSpecificationImpl$HamcrestAssertionClosure.validate(ResponseSpecificationImpl.groovy:512), io.restassured.internal.ResponseSpecificationImpl$HamcrestAssertionClosure$validate$1.call(Unknown Source), io.restassured.internal.ResponseSpecificationImpl.validateResponseIfRequired(ResponseSpecificationImpl.groovy:696), io.restassured.internal.ResponseSpecificationImpl.this$2$validateResponseIfRequired(ResponseSpecificationImpl.groovy), jdk.internal.reflect.GeneratedMethodAccessor178.invoke(Unknown Source), java.base/jdk.internal.reflect.DelegatingMethodAccessorImpl.invoke(DelegatingMethodAccessorImpl.java:43), java.base/java.lang.reflect.Method.invoke(Method.java:569), org.codehaus.groovy.runtime.callsite.PlainObjectMetaMethodSite.doInvoke(PlainObjectMetaMethodSite.java:43), org.codehaus.groovy.runtime.callsite.PogoMetaMethodSite$PogoCachedMethodSiteNoUnwrapNoCoerce.invoke(PogoMetaMethodSite.java:198), org.codehaus.groovy.runtime.callsite.PogoMetaMethodSite.callCurrent(PogoMetaMethodSite.java:62), org.codehaus.groovy.runtime.callsite.AbstractCallSite.callCurrent(AbstractCallSite.java:185), io.restassured.internal.ResponseSpecificationImpl.statusCode(ResponseSpecificationImpl.groovy:135), io.restassured.specification.ResponseSpecification$statusCode$1.callCurrent(Unknown Source), io.restassured.internal.ResponseSpecificationImpl.statusCode(ResponseSpecificationImpl.groovy:143), io.restassured.internal.ValidatableResponseOptionsImpl.statusCode(ValidatableResponseOptionsImpl.java:89), com.gmap.core.API.BaseUtils.validateServerResponse(BaseUtils.java:102), com.gmap.core.BaseCommonTestsSetup.createUserProfile(BaseCommonTestsSetup.java:130), settings.hooks.HooksActions.handleCreateUserProfile(HooksActions.java:575), settings.hooks.HooksActions.lambda$createUserProfileHandler$21(HooksActions.java:318), com.gmap.core.interfaces.ConditionalExecutor.conditionalAction(ConditionalExecutor.java:21), settings.hooks.HooksActions.createUserProfileHandler(HooksActions.java:317), settings.hooks.HooksActions.lambda$testMethodActions$0(HooksActions.java:277), settings.hooks.HooksActions.lambda$testMethodActions$18(HooksActions.java:306), java.base/java.util.stream.ForEachOps$ForEachOp$OfRef.accept(ForEachOps.java:183), java.base/java.util.stream.ReferencePipeline$2$1.accept(ReferencePipeline.java:179), java.base/java.util.Spliterators$ArraySpliterator.forEachRemaining(Spliterators.java:992), java.base/java.util.stream.AbstractPipeline.copyInto(AbstractPipeline.java:509), java.base/java.util.stream.AbstractPipeline.wrapAndCopyInto(AbstractPipeline.java:499), java.base/java.util.stream.ForEachOps$ForEachOp.evaluateSequential(ForEachOps.java:150), java.base/java.util.stream.ForEachOps$ForEachOp$OfRef.evaluateSequential(ForEachOps.java:173), java.base/java.util.stream.AbstractPipeline.evaluate(AbstractPipeline.java:234), java.base/java.util.stream.ReferencePipeline.forEach(ReferencePipeline.java:596), settings.hooks.HooksActions.testMethodActions(HooksActions.java:306), settings.hooks.Hooks.baseBeforeMethod(Hooks.java:110), jdk.internal.reflect.GeneratedMethodAccessor305.invoke(Unknown Source), java.base/jdk.internal.reflect.DelegatingMethodAccessorImpl.invoke(DelegatingMethodAccessorImpl.java:43), java.base/java.lang.reflect.Method.invoke(Method.java:569), org.testng.internal.invokers.MethodInvocationHelper.invokeMethod(MethodInvocationHelper.java:141), org.testng.internal.invokers.MethodInvocationHelper.invokeMethodConsideringTimeout(MethodInvocationHelper.java:71), org.testng.internal.invokers.ConfigInvoker.invokeConfigurationMethod(ConfigInvoker.java:400), org.testng.internal.invokers.ConfigInvoker.invokeConfigurations(ConfigInvoker.java:333), org.testng.internal.invokers.TestInvoker.runConfigMethods(TestInvoker.java:836), org.testng.internal.invokers.TestInvoker.invokeMethod(TestInvoker.java:601), org.testng.internal.invokers.TestInvoker.retryFailed(TestInvoker.java:269), org.testng.internal.invokers.MethodRunner.runInSequence(MethodRunner.java:76), org.testng.internal.invokers.TestInvoker$MethodInvocationAgent.invoke(TestInvoker.java:995), org.testng.internal.invokers.TestInvoker.invokeTestMethods(TestInvoker.java:203), org.testng.internal.invokers.TestMethodWorker.invokeTestMethods(TestMethodWorker.java:154), org.testng.internal.invokers.TestMethodWorker.run(TestMethodWorker.java:134), java.base/java.util.ArrayList.forEach(ArrayList.java:1511), org.testng.TestRunner.privateRun(TestRunner.java:741), org.testng.TestRunner.run(TestRunner.java:616), org.testng.SuiteRunner.runTest(SuiteRunner.java:421), org.testng.SuiteRunner$SuiteWorker.run(SuiteRunner.java:463), org.testng.internal.thread.ThreadUtil.lambda$execute$0(ThreadUtil.java:64), java.base/java.util.concurrent.FutureTask.run(FutureTask.java:264), java.base/java.util.concurrent.ThreadPoolExecutor.runWorker(ThreadPoolExecutor.java:1136), java.base/java.util.concurrent.ThreadPoolExecutor$Worker.run(ThreadPoolExecutor.java:635), java.base/java.lang.Thread.run(Thread.java:840)]","statusTrace":"java.lang.IllegalStateException: Test '[EXTRA Tier 2] CWS plan consumption with current flow - SE' failed due to configuration error!\nError details\n1 expectation failed.\nExpected status code <202> but was <429>.\n\nOn fail message: {\n    \"message\": \"Rate limit is exceeded. Try again later.\"\n}\n----------------------------------------\n\n[java.base/jdk.internal.reflect.GeneratedConstructorAccessor195.newInstance(Unknown Source), java.base/jdk.internal.reflect.DelegatingConstructorAccessorImpl.newInstance(DelegatingConstructorAccessorImpl.java:45), java.base/java.lang.reflect.Constructor.newInstanceWithCaller(Constructor.java:500), java.base/java.lang.reflect.Constructor.newInstance(Constructor.java:481), org.codehaus.groovy.reflection.CachedConstructor.invoke(CachedConstructor.java:73), org.codehaus.groovy.runtime.callsite.ConstructorSite$ConstructorSiteNoUnwrapNoCoerce.callConstructor(ConstructorSite.java:108), org.codehaus.groovy.runtime.callsite.AbstractCallSite.callConstructor(AbstractCallSite.java:277), io.restassured.internal.ResponseSpecificationImpl$HamcrestAssertionClosure.validate(ResponseSpecificationImpl.groovy:512), io.restassured.internal.ResponseSpecificationImpl$HamcrestAssertionClosure$validate$1.call(Unknown Source), io.restassured.internal.ResponseSpecificationImpl.validateResponseIfRequired(ResponseSpecificationImpl.groovy:696), io.restassured.internal.ResponseSpecificationImpl.this$2$validateResponseIfRequired(ResponseSpecificationImpl.groovy), jdk.internal.reflect.GeneratedMethodAccessor178.invoke(Unknown Source), java.base/jdk.internal.reflect.DelegatingMethodAccessorImpl.invoke(DelegatingMethodAccessorImpl.java:43), java.base/java.lang.reflect.Method.invoke(Method.java:569), org.codehaus.groovy.runtime.callsite.PlainObjectMetaMethodSite.doInvoke(PlainObjectMetaMethodSite.java:43), org.codehaus.groovy.runtime.callsite.PogoMetaMethodSite$PogoCachedMethodSiteNoUnwrapNoCoerce.invoke(PogoMetaMethodSite.java:198), org.codehaus.groovy.runtime.callsite.PogoMetaMethodSite.callCurrent(PogoMetaMethodSite.java:62), org.codehaus.groovy.runtime.callsite.AbstractCallSite.callCurrent(AbstractCallSite.java:185), io.restassured.internal.ResponseSpecificationImpl.statusCode(ResponseSpecificationImpl.groovy:135), io.restassured.specification.ResponseSpecification$statusCode$1.callCurrent(Unknown Source), io.restassured.internal.ResponseSpecificationImpl.statusCode(ResponseSpecificationImpl.groovy:143), io.restassured.internal.ValidatableResponseOptionsImpl.statusCode(ValidatableResponseOptionsImpl.java:89), com.gmap.core.API.BaseUtils.validateServerResponse(BaseUtils.java:102), com.gmap.core.BaseCommonTestsSetup.createUserProfile(BaseCommonTestsSetup.java:130), settings.hooks.HooksActions.handleCreateUserProfile(HooksActions.java:575), settings.hooks.HooksActions.lambda$createUserProfileHandler$21(HooksActions.java:318), com.gmap.core.interfaces.ConditionalExecutor.conditionalAction(ConditionalExecutor.java:21), settings.hooks.HooksActions.createUserProfileHandler(HooksActions.java:317), settings.hooks.HooksActions.lambda$testMethodActions$0(HooksActions.java:277), settings.hooks.HooksActions.lambda$testMethodActions$18(HooksActions.java:306), java.base/java.util.stream.ForEachOps$ForEachOp$OfRef.accept(ForEachOps.java:183), java.base/java.util.stream.ReferencePipeline$2$1.accept(ReferencePipeline.java:179), java.base/java.util.Spliterators$ArraySpliterator.forEachRemaining(Spliterators.java:992), java.base/java.util.stream.AbstractPipeline.copyInto(AbstractPipeline.java:509), java.base/java.util.stream.AbstractPipeline.wrapAndCopyInto(AbstractPipeline.java:499), java.base/java.util.stream.ForEachOps$ForEachOp.evaluateSequential(ForEachOps.java:150), java.base/java.util.stream.ForEachOps$ForEachOp$OfRef.evaluateSequential(ForEachOps.java:173), java.base/java.util.stream.AbstractPipeline.evaluate(AbstractPipeline.java:234), java.base/java.util.stream.ReferencePipeline.forEach(ReferencePipeline.java:596), settings.hooks.HooksActions.testMethodActions(HooksActions.java:306), settings.hooks.Hooks.baseBeforeMethod(Hooks.java:110), jdk.internal.reflect.GeneratedMethodAccessor305.invoke(Unknown Source), java.base/jdk.internal.reflect.DelegatingMethodAccessorImpl.invoke(DelegatingMethodAccessorImpl.java:43), java.base/java.lang.reflect.Method.invoke(Method.java:569), org.testng.internal.invokers.MethodInvocationHelper.invokeMethod(MethodInvocationHelper.java:141), org.testng.internal.invokers.MethodInvocationHelper.invokeMethodConsideringTimeout(MethodInvocationHelper.java:71), org.testng.internal.invokers.ConfigInvoker.invokeConfigurationMethod(ConfigInvoker.java:400), org.testng.internal.invokers.ConfigInvoker.invokeConfigurations(ConfigInvoker.java:333), org.testng.internal.invokers.TestInvoker.runConfigMethods(TestInvoker.java:836), org.testng.internal.invokers.TestInvoker.invokeMethod(TestInvoker.java:601), org.testng.internal.invokers.TestInvoker.retryFailed(TestInvoker.java:269), org.testng.internal.invokers.MethodRunner.runInSequence(MethodRunner.java:76), org.testng.internal.invokers.TestInvoker$MethodInvocationAgent.invoke(TestInvoker.java:995), org.testng.internal.invokers.TestInvoker.invokeTestMethods(TestInvoker.java:203), org.testng.internal.invokers.TestMethodWorker.invokeTestMethods(TestMethodWorker.java:154), org.testng.internal.invokers.TestMethodWorker.run(TestMethodWorker.java:134), java.base/java.util.ArrayList.forEach(ArrayList.java:1511), org.testng.TestRunner.privateRun(TestRunner.java:741), org.testng.TestRunner.run(TestRunner.java:616), org.testng.SuiteRunner.runTest(SuiteRunner.java:421), org.testng.SuiteRunner$SuiteWorker.run(SuiteRunner.java:463), org.testng.internal.thread.ThreadUtil.lambda$execute$0(ThreadUtil.java:64), java.base/java.util.concurrent.FutureTask.run(FutureTask.java:264), java.base/java.util.concurrent.ThreadPoolExecutor.runWorker(ThreadPoolExecutor.java:1136), java.base/java.util.concurrent.ThreadPoolExecutor$Worker.run(ThreadPoolExecutor.java:635), java.base/java.lang.Thread.run(Thread.java:840)]\n\tat com.gmap.core.HooksConfiguration.checkHookConfiguration(HooksConfiguration.java:104)\n\tat settings.hooks.Hooks.run(Hooks.java:58)\n\tat org.testng.internal.invokers.MethodInvocationHelper.invokeHookable(MethodInvocationHelper.java:274)\n\tat org.testng.internal.invokers.TestInvoker.invokeMethod(TestInvoker.java:679)\n\tat org.testng.internal.invokers.TestInvoker.retryFailed(TestInvoker.java:269)\n\tat org.testng.internal.invokers.MethodRunner.runInSequence(MethodRunner.java:76)\n\tat org.testng.internal.invokers.TestInvoker$MethodInvocationAgent.invoke(TestInvoker.java:995)\n\tat org.testng.internal.invokers.TestInvoker.invokeTestMethods(TestInvoker.java:203)\n\tat org.testng.internal.invokers.TestMethodWorker.invokeTestMethods(TestMethodWorker.java:154)\n\tat org.testng.internal.invokers.TestMethodWorker.run(TestMethodWorker.java:134)\n\tat java.base/java.util.ArrayList.forEach(ArrayList.java:1511)\n\tat org.testng.TestRunner.privateRun(TestRunner.java:741)\n\tat org.testng.TestRunner.run(TestRunner.java:616)\n\tat org.testng.SuiteRunner.runTest(SuiteRunner.java:421)\n\tat org.testng.SuiteRunner$SuiteWorker.run(SuiteRunner.java:463)\n\tat org.testng.internal.thread.ThreadUtil.lambda$execute$0(ThreadUtil.java:64)\n\tat java.base/java.util.concurrent.FutureTask.run(FutureTask.java:264)\n\tat java.base/java.util.concurrent.ThreadPoolExecutor.runWorker(ThreadPoolExecutor.java:1136)\n\tat java.base/java.util.concurrent.ThreadPoolExecutor$Worker.run(ThreadPoolExecutor.java:635)\n\tat java.base/java.lang.Thread.run(Thread.java:840)\n","flaky":false,"newFailed":false,"newBroken":true,"newPassed":false,"retriesCount":1,"retriesStatusChange":true,"beforeStages":[{"name":"Base Before Test","time":{"start":1743169176854,"stop":1743169176854,"duration":0},"description":"Base Before Test","status":"passed","steps":[],"attachments":[],"parameters":[],"shouldDisplayMessage":false,"stepsCount":0,"attachmentsCount":0,"hasContent":false,"attachmentStep":false},{"name":"springTestContextBeforeTestClass","time":{"start":1743169176978,"stop":1743169178242,"duration":1264},"description":"","status":"passed","steps":[],"attachments":[],"parameters":[],"shouldDisplayMessage":false,"stepsCount":0,"attachmentsCount":0,"hasContent":false,"attachmentStep":false},{"name":"springTestContextPrepareTestInstance","time":{"start":1743169178243,"stop":1743169178440,"duration":197},"description":"","status":"passed","steps":[],"attachments":[],"parameters":[],"shouldDisplayMessage":false,"stepsCount":0,"attachmentsCount":0,"hasContent":false,"attachmentStep":false},{"name":"Base Before Class","time":{"start":1743169178442,"stop":1743169178447,"duration":5},"description":"Base Before Class","status":"passed","steps":[],"attachments":[],"parameters":[],"shouldDisplayMessage":false,"stepsCount":0,"attachmentsCount":0,"hasContent":false,"attachmentStep":false},{"name":"springTestContextBeforeTestMethod","time":{"start":1743170963134,"stop":1743170963134,"duration":0},"description":"","status":"passed","steps":[],"attachments":[],"parameters":[],"shouldDisplayMessage":false,"stepsCount":0,"attachmentsCount":0,"hasContent":false,"attachmentStep":false},{"name":"Base Before Test Method","time":{"start":1743170963134,"stop":1743170995676,"duration":32542},"description":"Base Before Test Method","status":"passed","steps":[],"attachments":[{"uid":"4b8a6920433c00c1","name":"REQUEST | POST https://api.uat.circlek.com/eu/ngrp-gmap-authn/v1/auth","source":"4b8a6920433c00c1.html","type":"text/html","size":621},{"uid":"d9f4a0c76611305","name":"RESPONSE | POST https://api.uat.circlek.com/eu/ngrp-gmap-authn/v1/auth [404]","source":"d9f4a0c76611305.html","type":"text/html","size":746},{"uid":"269c707be6f92928","name":"REQUEST | POST https://api.uat.circlek.com/eu/customer/identity/v2/registration","source":"269c707be6f92928.html","type":"text/html","size":1141},{"uid":"79b1c3eeecebbed6","name":"RESPONSE | POST https://api.uat.circlek.com/eu/customer/identity/v2/registration [429]","source":"79b1c3eeecebbed6.html","type":"text/html","size":629}],"parameters":[],"shouldDisplayMessage":false,"stepsCount":0,"attachmentsCount":4,"hasContent":true,"attachmentStep":false},{"name":"initTestConfig","time":{"start":1743170995676,"stop":1743170995681,"duration":5},"description":"","status":"passed","steps":[],"attachments":[],"parameters":[],"shouldDisplayMessage":false,"stepsCount":0,"attachmentsCount":0,"hasContent":false,"attachmentStep":false}],"testStage":{"description":"EXTRA Tier 2 CWS plan consumption with CURRENT flow - SE","status":"broken","statusMessage":"Test '[EXTRA Tier 2] CWS plan consumption with current flow - SE' failed due to configuration error!\nError details\n1 expectation failed.\nExpected status code <202> but was <429>.\n\nOn fail message: {\n    \"message\": \"Rate limit is exceeded. Try again later.\"\n}\n----------------------------------------\n\n[java.base/jdk.internal.reflect.GeneratedConstructorAccessor195.newInstance(Unknown Source), java.base/jdk.internal.reflect.DelegatingConstructorAccessorImpl.newInstance(DelegatingConstructorAccessorImpl.java:45), java.base/java.lang.reflect.Constructor.newInstanceWithCaller(Constructor.java:500), java.base/java.lang.reflect.Constructor.newInstance(Constructor.java:481), org.codehaus.groovy.reflection.CachedConstructor.invoke(CachedConstructor.java:73), org.codehaus.groovy.runtime.callsite.ConstructorSite$ConstructorSiteNoUnwrapNoCoerce.callConstructor(ConstructorSite.java:108), org.codehaus.groovy.runtime.callsite.AbstractCallSite.callConstructor(AbstractCallSite.java:277), io.restassured.internal.ResponseSpecificationImpl$HamcrestAssertionClosure.validate(ResponseSpecificationImpl.groovy:512), io.restassured.internal.ResponseSpecificationImpl$HamcrestAssertionClosure$validate$1.call(Unknown Source), io.restassured.internal.ResponseSpecificationImpl.validateResponseIfRequired(ResponseSpecificationImpl.groovy:696), io.restassured.internal.ResponseSpecificationImpl.this$2$validateResponseIfRequired(ResponseSpecificationImpl.groovy), jdk.internal.reflect.GeneratedMethodAccessor178.invoke(Unknown Source), java.base/jdk.internal.reflect.DelegatingMethodAccessorImpl.invoke(DelegatingMethodAccessorImpl.java:43), java.base/java.lang.reflect.Method.invoke(Method.java:569), org.codehaus.groovy.runtime.callsite.PlainObjectMetaMethodSite.doInvoke(PlainObjectMetaMethodSite.java:43), org.codehaus.groovy.runtime.callsite.PogoMetaMethodSite$PogoCachedMethodSiteNoUnwrapNoCoerce.invoke(PogoMetaMethodSite.java:198), org.codehaus.groovy.runtime.callsite.PogoMetaMethodSite.callCurrent(PogoMetaMethodSite.java:62), org.codehaus.groovy.runtime.callsite.AbstractCallSite.callCurrent(AbstractCallSite.java:185), io.restassured.internal.ResponseSpecificationImpl.statusCode(ResponseSpecificationImpl.groovy:135), io.restassured.specification.ResponseSpecification$statusCode$1.callCurrent(Unknown Source), io.restassured.internal.ResponseSpecificationImpl.statusCode(ResponseSpecificationImpl.groovy:143), io.restassured.internal.ValidatableResponseOptionsImpl.statusCode(ValidatableResponseOptionsImpl.java:89), com.gmap.core.API.BaseUtils.validateServerResponse(BaseUtils.java:102), com.gmap.core.BaseCommonTestsSetup.createUserProfile(BaseCommonTestsSetup.java:130), settings.hooks.HooksActions.handleCreateUserProfile(HooksActions.java:575), settings.hooks.HooksActions.lambda$createUserProfileHandler$21(HooksActions.java:318), com.gmap.core.interfaces.ConditionalExecutor.conditionalAction(ConditionalExecutor.java:21), settings.hooks.HooksActions.createUserProfileHandler(HooksActions.java:317), settings.hooks.HooksActions.lambda$testMethodActions$0(HooksActions.java:277), settings.hooks.HooksActions.lambda$testMethodActions$18(HooksActions.java:306), java.base/java.util.stream.ForEachOps$ForEachOp$OfRef.accept(ForEachOps.java:183), java.base/java.util.stream.ReferencePipeline$2$1.accept(ReferencePipeline.java:179), java.base/java.util.Spliterators$ArraySpliterator.forEachRemaining(Spliterators.java:992), java.base/java.util.stream.AbstractPipeline.copyInto(AbstractPipeline.java:509), java.base/java.util.stream.AbstractPipeline.wrapAndCopyInto(AbstractPipeline.java:499), java.base/java.util.stream.ForEachOps$ForEachOp.evaluateSequential(ForEachOps.java:150), java.base/java.util.stream.ForEachOps$ForEachOp$OfRef.evaluateSequential(ForEachOps.java:173), java.base/java.util.stream.AbstractPipeline.evaluate(AbstractPipeline.java:234), java.base/java.util.stream.ReferencePipeline.forEach(ReferencePipeline.java:596), settings.hooks.HooksActions.testMethodActions(HooksActions.java:306), settings.hooks.Hooks.baseBeforeMethod(Hooks.java:110), jdk.internal.reflect.GeneratedMethodAccessor305.invoke(Unknown Source), java.base/jdk.internal.reflect.DelegatingMethodAccessorImpl.invoke(DelegatingMethodAccessorImpl.java:43), java.base/java.lang.reflect.Method.invoke(Method.java:569), org.testng.internal.invokers.MethodInvocationHelper.invokeMethod(MethodInvocationHelper.java:141), org.testng.internal.invokers.MethodInvocationHelper.invokeMethodConsideringTimeout(MethodInvocationHelper.java:71), org.testng.internal.invokers.ConfigInvoker.invokeConfigurationMethod(ConfigInvoker.java:400), org.testng.internal.invokers.ConfigInvoker.invokeConfigurations(ConfigInvoker.java:333), org.testng.internal.invokers.TestInvoker.runConfigMethods(TestInvoker.java:836), org.testng.internal.invokers.TestInvoker.invokeMethod(TestInvoker.java:601), org.testng.internal.invokers.TestInvoker.retryFailed(TestInvoker.java:269), org.testng.internal.invokers.MethodRunner.runInSequence(MethodRunner.java:76), org.testng.internal.invokers.TestInvoker$MethodInvocationAgent.invoke(TestInvoker.java:995), org.testng.internal.invokers.TestInvoker.invokeTestMethods(TestInvoker.java:203), org.testng.internal.invokers.TestMethodWorker.invokeTestMethods(TestMethodWorker.java:154), org.testng.internal.invokers.TestMethodWorker.run(TestMethodWorker.java:134), java.base/java.util.ArrayList.forEach(ArrayList.java:1511), org.testng.TestRunner.privateRun(TestRunner.java:741), org.testng.TestRunner.run(TestRunner.java:616), org.testng.SuiteRunner.runTest(SuiteRunner.java:421), org.testng.SuiteRunner$SuiteWorker.run(SuiteRunner.java:463), org.testng.internal.thread.ThreadUtil.lambda$execute$0(ThreadUtil.java:64), java.base/java.util.concurrent.FutureTask.run(FutureTask.java:264), java.base/java.util.concurrent.ThreadPoolExecutor.runWorker(ThreadPoolExecutor.java:1136), java.base/java.util.concurrent.ThreadPoolExecutor$Worker.run(ThreadPoolExecutor.java:635), java.base/java.lang.Thread.run(Thread.java:840)]","statusTrace":"java.lang.IllegalStateException: Test '[EXTRA Tier 2] CWS plan consumption with current flow - SE' failed due to configuration error!\nError details\n1 expectation failed.\nExpected status code <202> but was <429>.\n\nOn fail message: {\n    \"message\": \"Rate limit is exceeded. Try again later.\"\n}\n----------------------------------------\n\n[java.base/jdk.internal.reflect.GeneratedConstructorAccessor195.newInstance(Unknown Source), java.base/jdk.internal.reflect.DelegatingConstructorAccessorImpl.newInstance(DelegatingConstructorAccessorImpl.java:45), java.base/java.lang.reflect.Constructor.newInstanceWithCaller(Constructor.java:500), java.base/java.lang.reflect.Constructor.newInstance(Constructor.java:481), org.codehaus.groovy.reflection.CachedConstructor.invoke(CachedConstructor.java:73), org.codehaus.groovy.runtime.callsite.ConstructorSite$ConstructorSiteNoUnwrapNoCoerce.callConstructor(ConstructorSite.java:108), org.codehaus.groovy.runtime.callsite.AbstractCallSite.callConstructor(AbstractCallSite.java:277), io.restassured.internal.ResponseSpecificationImpl$HamcrestAssertionClosure.validate(ResponseSpecificationImpl.groovy:512), io.restassured.internal.ResponseSpecificationImpl$HamcrestAssertionClosure$validate$1.call(Unknown Source), io.restassured.internal.ResponseSpecificationImpl.validateResponseIfRequired(ResponseSpecificationImpl.groovy:696), io.restassured.internal.ResponseSpecificationImpl.this$2$validateResponseIfRequired(ResponseSpecificationImpl.groovy), jdk.internal.reflect.GeneratedMethodAccessor178.invoke(Unknown Source), java.base/jdk.internal.reflect.DelegatingMethodAccessorImpl.invoke(DelegatingMethodAccessorImpl.java:43), java.base/java.lang.reflect.Method.invoke(Method.java:569), org.codehaus.groovy.runtime.callsite.PlainObjectMetaMethodSite.doInvoke(PlainObjectMetaMethodSite.java:43), org.codehaus.groovy.runtime.callsite.PogoMetaMethodSite$PogoCachedMethodSiteNoUnwrapNoCoerce.invoke(PogoMetaMethodSite.java:198), org.codehaus.groovy.runtime.callsite.PogoMetaMethodSite.callCurrent(PogoMetaMethodSite.java:62), org.codehaus.groovy.runtime.callsite.AbstractCallSite.callCurrent(AbstractCallSite.java:185), io.restassured.internal.ResponseSpecificationImpl.statusCode(ResponseSpecificationImpl.groovy:135), io.restassured.specification.ResponseSpecification$statusCode$1.callCurrent(Unknown Source), io.restassured.internal.ResponseSpecificationImpl.statusCode(ResponseSpecificationImpl.groovy:143), io.restassured.internal.ValidatableResponseOptionsImpl.statusCode(ValidatableResponseOptionsImpl.java:89), com.gmap.core.API.BaseUtils.validateServerResponse(BaseUtils.java:102), com.gmap.core.BaseCommonTestsSetup.createUserProfile(BaseCommonTestsSetup.java:130), settings.hooks.HooksActions.handleCreateUserProfile(HooksActions.java:575), settings.hooks.HooksActions.lambda$createUserProfileHandler$21(HooksActions.java:318), com.gmap.core.interfaces.ConditionalExecutor.conditionalAction(ConditionalExecutor.java:21), settings.hooks.HooksActions.createUserProfileHandler(HooksActions.java:317), settings.hooks.HooksActions.lambda$testMethodActions$0(HooksActions.java:277), settings.hooks.HooksActions.lambda$testMethodActions$18(HooksActions.java:306), java.base/java.util.stream.ForEachOps$ForEachOp$OfRef.accept(ForEachOps.java:183), java.base/java.util.stream.ReferencePipeline$2$1.accept(ReferencePipeline.java:179), java.base/java.util.Spliterators$ArraySpliterator.forEachRemaining(Spliterators.java:992), java.base/java.util.stream.AbstractPipeline.copyInto(AbstractPipeline.java:509), java.base/java.util.stream.AbstractPipeline.wrapAndCopyInto(AbstractPipeline.java:499), java.base/java.util.stream.ForEachOps$ForEachOp.evaluateSequential(ForEachOps.java:150), java.base/java.util.stream.ForEachOps$ForEachOp$OfRef.evaluateSequential(ForEachOps.java:173), java.base/java.util.stream.AbstractPipeline.evaluate(AbstractPipeline.java:234), java.base/java.util.stream.ReferencePipeline.forEach(ReferencePipeline.java:596), settings.hooks.HooksActions.testMethodActions(HooksActions.java:306), settings.hooks.Hooks.baseBeforeMethod(Hooks.java:110), jdk.internal.reflect.GeneratedMethodAccessor305.invoke(Unknown Source), java.base/jdk.internal.reflect.DelegatingMethodAccessorImpl.invoke(DelegatingMethodAccessorImpl.java:43), java.base/java.lang.reflect.Method.invoke(Method.java:569), org.testng.internal.invokers.MethodInvocationHelper.invokeMethod(MethodInvocationHelper.java:141), org.testng.internal.invokers.MethodInvocationHelper.invokeMethodConsideringTimeout(MethodInvocationHelper.java:71), org.testng.internal.invokers.ConfigInvoker.invokeConfigurationMethod(ConfigInvoker.java:400), org.testng.internal.invokers.ConfigInvoker.invokeConfigurations(ConfigInvoker.java:333), org.testng.internal.invokers.TestInvoker.runConfigMethods(TestInvoker.java:836), org.testng.internal.invokers.TestInvoker.invokeMethod(TestInvoker.java:601), org.testng.internal.invokers.TestInvoker.retryFailed(TestInvoker.java:269), org.testng.internal.invokers.MethodRunner.runInSequence(MethodRunner.java:76), org.testng.internal.invokers.TestInvoker$MethodInvocationAgent.invoke(TestInvoker.java:995), org.testng.internal.invokers.TestInvoker.invokeTestMethods(TestInvoker.java:203), org.testng.internal.invokers.TestMethodWorker.invokeTestMethods(TestMethodWorker.java:154), org.testng.internal.invokers.TestMethodWorker.run(TestMethodWorker.java:134), java.base/java.util.ArrayList.forEach(ArrayList.java:1511), org.testng.TestRunner.privateRun(TestRunner.java:741), org.testng.TestRunner.run(TestRunner.java:616), org.testng.SuiteRunner.runTest(SuiteRunner.java:421), org.testng.SuiteRunner$SuiteWorker.run(SuiteRunner.java:463), org.testng.internal.thread.ThreadUtil.lambda$execute$0(ThreadUtil.java:64), java.base/java.util.concurrent.FutureTask.run(FutureTask.java:264), java.base/java.util.concurrent.ThreadPoolExecutor.runWorker(ThreadPoolExecutor.java:1136), java.base/java.util.concurrent.ThreadPoolExecutor$Worker.run(ThreadPoolExecutor.java:635), java.base/java.lang.Thread.run(Thread.java:840)]\n\tat com.gmap.core.HooksConfiguration.checkHookConfiguration(HooksConfiguration.java:104)\n\tat settings.hooks.Hooks.run(Hooks.java:58)\n\tat org.testng.internal.invokers.MethodInvocationHelper.invokeHookable(MethodInvocationHelper.java:274)\n\tat org.testng.internal.invokers.TestInvoker.invokeMethod(TestInvoker.java:679)\n\tat org.testng.internal.invokers.TestInvoker.retryFailed(TestInvoker.java:269)\n\tat org.testng.internal.invokers.MethodRunner.runInSequence(MethodRunner.java:76)\n\tat org.testng.internal.invokers.TestInvoker$MethodInvocationAgent.invoke(TestInvoker.java:995)\n\tat org.testng.internal.invokers.TestInvoker.invokeTestMethods(TestInvoker.java:203)\n\tat org.testng.internal.invokers.TestMethodWorker.invokeTestMethods(TestMethodWorker.java:154)\n\tat org.testng.internal.invokers.TestMethodWorker.run(TestMethodWorker.java:134)\n\tat java.base/java.util.ArrayList.forEach(ArrayList.java:1511)\n\tat org.testng.TestRunner.privateRun(TestRunner.java:741)\n\tat org.testng.TestRunner.run(TestRunner.java:616)\n\tat org.testng.SuiteRunner.runTest(SuiteRunner.java:421)\n\tat org.testng.SuiteRunner$SuiteWorker.run(SuiteRunner.java:463)\n\tat org.testng.internal.thread.ThreadUtil.lambda$execute$0(ThreadUtil.java:64)\n\tat java.base/java.util.concurrent.FutureTask.run(FutureTask.java:264)\n\tat java.base/java.util.concurrent.ThreadPoolExecutor.runWorker(ThreadPoolExecutor.java:1136)\n\tat java.base/java.util.concurrent.ThreadPoolExecutor$Worker.run(ThreadPoolExecutor.java:635)\n\tat java.base/java.lang.Thread.run(Thread.java:840)\n","steps":[],"attachments":[{"uid":"37c8c125463f45e7","name":"Screenshot | [28-03-2025]","source":"37c8c125463f45e7.jpg","type":"image/jpg","size":1079450}],"parameters":[],"shouldDisplayMessage":true,"stepsCount":0,"attachmentsCount":1,"hasContent":true,"attachmentStep":false},"afterStages":[{"name":"Base After Test Method","time":{"start":1743171001757,"stop":1743171004407,"duration":2650},"description":"Base After Test Method","status":"passed","steps":[],"attachments":[{"uid":"64a1732827c6855f","name":"REQUEST | DELETE https://api.uat.circlek.com/eu/ngrp-gmap-profile/v1/me","source":"64a1732827c6855f.html","type":"text/html","size":584},{"uid":"97167a098fa5114d","name":"RESPONSE | DELETE https://api.uat.circlek.com/eu/ngrp-gmap-profile/v1/me [400]","source":"97167a098fa5114d.html","type":"text/html","size":29061}],"parameters":[],"shouldDisplayMessage":false,"stepsCount":0,"attachmentsCount":2,"hasContent":true,"attachmentStep":false},{"name":"springTestContextAfterTestMethod","time":{"start":1743171004409,"stop":1743171004409,"duration":0},"description":"","status":"passed","steps":[],"attachments":[],"parameters":[],"shouldDisplayMessage":false,"stepsCount":0,"attachmentsCount":0,"hasContent":false,"attachmentStep":false},{"name":"Base After Class","time":{"start":1743171281693,"stop":1743171281693,"duration":0},"description":"Base After Class","status":"passed","steps":[],"attachments":[],"parameters":[],"shouldDisplayMessage":false,"stepsCount":0,"attachmentsCount":0,"hasContent":false,"attachmentStep":false},{"name":"Base After Test","time":{"start":1743171281694,"stop":1743171281694,"duration":0},"description":"Base After Test","status":"passed","steps":[],"attachments":[],"parameters":[],"shouldDisplayMessage":false,"stepsCount":0,"attachmentsCount":0,"hasContent":false,"attachmentStep":false},{"name":"springTestContextAfterTestClass","time":{"start":1743171281694,"stop":1743171281694,"duration":0},"description":"","status":"passed","steps":[],"attachments":[],"parameters":[],"shouldDisplayMessage":false,"stepsCount":0,"attachmentsCount":0,"hasContent":false,"attachmentStep":false}],"labels":[{"name":"package","value":"testcases.ExtraTier2SETests"},{"name":"testClass","value":"testcases.ExtraTier2SETests"},{"name":"testMethod","value":"CWSConsumptionFlowTier2SE"},{"name":"parentSuite","value":"GMAP EU Mobile Test Automation - [IOS PARALLEL XML SUITE]"},{"name":"suite","value":"GMAP Tests | Extra Tier 2 SE"},{"name":"subSuite","value":"testcases.ExtraTier2SETests"},{"name":"host","value":"fv-az1366-600"},{"name":"thread","value":"2029@fv-az1366-600.TestNG-tests-4(25)"},{"name":"framework","value":"testng"},{"name":"language","value":"java"},{"name":"owner","value":"Dominik Jakubaszek - [dominik.jakubaszek@circlekeurope.com]"},{"name":"feature","value":"[GMAP] CWS enrollment"},{"name":"tag","value":"CarWash"},{"name":"story","value":"[GMAP] Purchasing CWS subscription"},{"name":"epic","value":"[GMAP] Extra"},{"name":"severity","value":"normal"},{"name":"resultFormat","value":"allure2"}],"parameters":[{"name":"deviceConfig","value":"iPhone15"}],"links":[{"name":"NGRPRG-28367","url":"https://circlek.atlassian.net/browse/NGRPRG-28367","type":"tms"},{"name":"N/A","url":"https://circlek.atlassian.net/browse/N/A","type":"issue"}],"hidden":false,"retry":false,"extra":{"severity":"normal","owner":"Dominik Jakubaszek - [dominik.jakubaszek@circlekeurope.com]","retries":[{"uid":"4d43b3718fa593bc","status":"skipped","statusDetails":"Test '[EXTRA Tier 2] CWS plan consumption with current flow - SE' failed due to configuration error!\nError details\n1 expectation failed.\nExpected status code <202> but was <429>.\n\nOn fail message: {\n    \"message\": \"Rate limit is exceeded. Try again later.\"\n}\n----------------------------------------\n\n[java.base/jdk.internal.reflect.GeneratedConstructorAccessor195.newInstance(Unknown Source), java.base/jdk.internal.reflect.DelegatingConstructorAccessorImpl.newInstance(DelegatingConstructorAccessorImpl.java:45), java.base/java.lang.reflect.Constructor.newInstanceWithCaller(Constructor.java:500), java.base/java.lang.reflect.Constructor.newInstance(Constructor.java:481), org.codehaus.groovy.reflection.CachedConstructor.invoke(CachedConstructor.java:73), org.codehaus.groovy.runtime.callsite.ConstructorSite$ConstructorSiteNoUnwrapNoCoerce.callConstructor(ConstructorSite.java:108), org.codehaus.groovy.runtime.callsite.AbstractCallSite.callConstructor(AbstractCallSite.java:277), io.restassured.internal.ResponseSpecificationImpl$HamcrestAssertionClosure.validate(ResponseSpecificationImpl.groovy:512), io.restassured.internal.ResponseSpecificationImpl$HamcrestAssertionClosure$validate$1.call(Unknown Source), io.restassured.internal.ResponseSpecificationImpl.validateResponseIfRequired(ResponseSpecificationImpl.groovy:696), io.restassured.internal.ResponseSpecificationImpl.this$2$validateResponseIfRequired(ResponseSpecificationImpl.groovy), jdk.internal.reflect.GeneratedMethodAccessor178.invoke(Unknown Source), java.base/jdk.internal.reflect.DelegatingMethodAccessorImpl.invoke(DelegatingMethodAccessorImpl.java:43), java.base/java.lang.reflect.Method.invoke(Method.java:569), org.codehaus.groovy.runtime.callsite.PlainObjectMetaMethodSite.doInvoke(PlainObjectMetaMethodSite.java:43), org.codehaus.groovy.runtime.callsite.PogoMetaMethodSite$PogoCachedMethodSiteNoUnwrapNoCoerce.invoke(PogoMetaMethodSite.java:198), org.codehaus.groovy.runtime.callsite.PogoMetaMethodSite.callCurrent(PogoMetaMethodSite.java:62), org.codehaus.groovy.runtime.callsite.AbstractCallSite.callCurrent(AbstractCallSite.java:185), io.restassured.internal.ResponseSpecificationImpl.statusCode(ResponseSpecificationImpl.groovy:135), io.restassured.specification.ResponseSpecification$statusCode$1.callCurrent(Unknown Source), io.restassured.internal.ResponseSpecificationImpl.statusCode(ResponseSpecificationImpl.groovy:143), io.restassured.internal.ValidatableResponseOptionsImpl.statusCode(ValidatableResponseOptionsImpl.java:89), com.gmap.core.API.BaseUtils.validateServerResponse(BaseUtils.java:102), com.gmap.core.BaseCommonTestsSetup.createUserProfile(BaseCommonTestsSetup.java:130), settings.hooks.HooksActions.handleCreateUserProfile(HooksActions.java:575), settings.hooks.HooksActions.lambda$createUserProfileHandler$21(HooksActions.java:318), com.gmap.core.interfaces.ConditionalExecutor.conditionalAction(ConditionalExecutor.java:21), settings.hooks.HooksActions.createUserProfileHandler(HooksActions.java:317), settings.hooks.HooksActions.lambda$testMethodActions$0(HooksActions.java:277), settings.hooks.HooksActions.lambda$testMethodActions$18(HooksActions.java:306), java.base/java.util.stream.ForEachOps$ForEachOp$OfRef.accept(ForEachOps.java:183), java.base/java.util.stream.ReferencePipeline$2$1.accept(ReferencePipeline.java:179), java.base/java.util.Spliterators$ArraySpliterator.forEachRemaining(Spliterators.java:992), java.base/java.util.stream.AbstractPipeline.copyInto(AbstractPipeline.java:509), java.base/java.util.stream.AbstractPipeline.wrapAndCopyInto(AbstractPipeline.java:499), java.base/java.util.stream.ForEachOps$ForEachOp.evaluateSequential(ForEachOps.java:150), java.base/java.util.stream.ForEachOps$ForEachOp$OfRef.evaluateSequential(ForEachOps.java:173), java.base/java.util.stream.AbstractPipeline.evaluate(AbstractPipeline.java:234), java.base/java.util.stream.ReferencePipeline.forEach(ReferencePipeline.java:596), settings.hooks.HooksActions.testMethodActions(HooksActions.java:306), settings.hooks.Hooks.baseBeforeMethod(Hooks.java:110), jdk.internal.reflect.GeneratedMethodAccessor305.invoke(Unknown Source), java.base/jdk.internal.reflect.DelegatingMethodAccessorImpl.invoke(DelegatingMethodAccessorImpl.java:43), java.base/java.lang.reflect.Method.invoke(Method.java:569), org.testng.internal.invokers.MethodInvocationHelper.invokeMethod(MethodInvocationHelper.java:141), org.testng.internal.invokers.MethodInvocationHelper.invokeMethodConsideringTimeout(MethodInvocationHelper.java:71), org.testng.internal.invokers.ConfigInvoker.invokeConfigurationMethod(ConfigInvoker.java:400), org.testng.internal.invokers.ConfigInvoker.invokeConfigurations(ConfigInvoker.java:333), org.testng.internal.invokers.TestInvoker.runConfigMethods(TestInvoker.java:836), org.testng.internal.invokers.TestInvoker.invokeMethod(TestInvoker.java:601), org.testng.internal.invokers.TestInvoker.invokeTestMethod(TestInvoker.java:230), org.testng.internal.invokers.MethodRunner.runInSequence(MethodRunner.java:63), org.testng.internal.invokers.TestInvoker$MethodInvocationAgent.invoke(TestInvoker.java:995), org.testng.internal.invokers.TestInvoker.invokeTestMethods(TestInvoker.java:203), org.testng.internal.invokers.TestMethodWorker.invokeTestMethods(TestMethodWorker.java:154), org.testng.internal.invokers.TestMethodWorker.run(TestMethodWorker.java:134), java.base/java.util.ArrayList.forEach(ArrayList.java:1511), org.testng.TestRunner.privateRun(TestRunner.java:741), org.testng.TestRunner.run(TestRunner.java:616), org.testng.SuiteRunner.runTest(SuiteRunner.java:421), org.testng.SuiteRunner$SuiteWorker.run(SuiteRunner.java:463), org.testng.internal.thread.ThreadUtil.lambda$execute$0(ThreadUtil.java:64), java.base/java.util.concurrent.FutureTask.run(FutureTask.java:264), java.base/java.util.concurrent.ThreadPoolExecutor.runWorker(ThreadPoolExecutor.java:1136), java.base/java.util.concurrent.ThreadPoolExecutor$Worker.run(ThreadPoolExecutor.java:635), java.base/java.lang.Thread.run(Thread.java:840)]","time":{"start":1743170958249,"stop":1743170958250,"duration":1}}],"categories":[{"name":"Test defects","matchedStatuses":[],"flaky":false}],"history":{"statistic":{"failed":0,"broken":10,"skipped":8,"passed":57,"unknown":0,"total":75},"items":[{"uid":"c92b70bf8e7220db","reportUrl":"https://circlek-global.github.io/gmbat-tests-eu-mobile-automation/1559//#testresult/c92b70bf8e7220db","status":"passed","time":{"start":1743085020462,"stop":1743085495654,"duration":475192}},{"uid":"260f6f2ca3849867","reportUrl":"https://circlek-global.github.io/gmbat-tests-eu-mobile-automation/1498//#testresult/260f6f2ca3849867","status":"broken","statusDetails":"Test '[EXTRA Tier 2] CWS plan consumption with current flow - SE' failed due to configuration error!\nError details\n1 expectation failed.\nExpected status code <200> but was <422>.\n\nOn fail message: {\n    \"timestamp\": \"2025-03-21T15:07:09.515Z\",\n    \"uniqueErrorId\": \"d93b538e-9c63-4c5a-aa0f-f74c88b6702c\",\n    \"message\": \"Could not register subscription because of Liquid Barcodes error [PaymentError]\",\n    \"errorCode\": \"SUBSCRIPTION_NOT_STARTED\"\n}\n----------------------------------------\n\n[java.base/jdk.internal.reflect.GeneratedConstructorAccessor199.newInstance(Unknown Source), java.base/jdk.internal.reflect.DelegatingConstructorAccessorImpl.newInstance(DelegatingConstructorAccessorImpl.java:45), java.base/java.lang.reflect.Constructor.newInstanceWithCaller(Constructor.java:500), java.base/java.lang.reflect.Constructor.newInstance(Constructor.java:481), org.codehaus.groovy.reflection.CachedConstructor.invoke(CachedConstructor.java:73), org.codehaus.groovy.runtime.callsite.ConstructorSite$ConstructorSiteNoUnwrapNoCoerce.callConstructor(ConstructorSite.java:108), org.codehaus.groovy.runtime.callsite.AbstractCallSite.callConstructor(AbstractCallSite.java:277), io.restassured.internal.ResponseSpecificationImpl$HamcrestAssertionClosure.validate(ResponseSpecificationImpl.groovy:512), io.restassured.internal.ResponseSpecificationImpl$HamcrestAssertionClosure$validate$1.call(Unknown Source), io.restassured.internal.ResponseSpecificationImpl.validateResponseIfRequired(ResponseSpecificationImpl.groovy:696), io.restassured.internal.ResponseSpecificationImpl.this$2$validateResponseIfRequired(ResponseSpecificationImpl.groovy), jdk.internal.reflect.GeneratedMethodAccessor176.invoke(Unknown Source), java.base/jdk.internal.reflect.DelegatingMethodAccessorImpl.invoke(DelegatingMethodAccessorImpl.java:43), java.base/java.lang.reflect.Method.invoke(Method.java:569), org.codehaus.groovy.runtime.callsite.PlainObjectMetaMethodSite.doInvoke(PlainObjectMetaMethodSite.java:43), org.codehaus.groovy.runtime.callsite.PogoMetaMethodSite$PogoCachedMethodSiteNoUnwrapNoCoerce.invoke(PogoMetaMethodSite.java:198), org.codehaus.groovy.runtime.callsite.PogoMetaMethodSite.callCurrent(PogoMetaMethodSite.java:62), org.codehaus.groovy.runtime.callsite.AbstractCallSite.callCurrent(AbstractCallSite.java:185), io.restassured.internal.ResponseSpecificationImpl.statusCode(ResponseSpecificationImpl.groovy:135), io.restassured.specification.ResponseSpecification$statusCode$1.callCurrent(Unknown Source), io.restassured.internal.ResponseSpecificationImpl.statusCode(ResponseSpecificationImpl.groovy:143), io.restassured.internal.ValidatableResponseOptionsImpl.statusCode(ValidatableResponseOptionsImpl.java:89), com.gmap.core.API.BaseUtils.validateServerResponse(BaseUtils.java:102), settings.hooks.utils.CommonTestsSetup.registerCWSInLiquidBarcode(CommonTestsSetup.java:882), settings.hooks.utils.CommonTestsSetup.enrollUserToCWS(CommonTestsSetup.java:714), settings.hooks.HooksActions.handleEnrollCWS(HooksActions.java:820), settings.hooks.HooksActions.lambda$enrollCWSHandler$45(HooksActions.java:482), com.gmap.core.interfaces.ConditionalExecutor.conditionalAction(ConditionalExecutor.java:21), settings.hooks.HooksActions.enrollCWSHandler(HooksActions.java:481), settings.hooks.HooksActions.lambda$testMethodActions$11(HooksActions.java:294), settings.hooks.HooksActions.lambda$testMethodActions$18(HooksActions.java:306), java.base/java.util.stream.ForEachOps$ForEachOp$OfRef.accept(ForEachOps.java:183), java.base/java.util.stream.ReferencePipeline$2$1.accept(ReferencePipeline.java:179), java.base/java.util.Spliterators$ArraySpliterator.forEachRemaining(Spliterators.java:992), java.base/java.util.stream.AbstractPipeline.copyInto(AbstractPipeline.java:509), java.base/java.util.stream.AbstractPipeline.wrapAndCopyInto(AbstractPipeline.java:499), java.base/java.util.stream.ForEachOps$ForEachOp.evaluateSequential(ForEachOps.java:150), java.base/java.util.stream.ForEachOps$ForEachOp$OfRef.evaluateSequential(ForEachOps.java:173), java.base/java.util.stream.AbstractPipeline.evaluate(AbstractPipeline.java:234), java.base/java.util.stream.ReferencePipeline.forEach(ReferencePipeline.java:596), settings.hooks.HooksActions.testMethodActions(HooksActions.java:306), settings.hooks.Hooks.baseBeforeMethod(Hooks.java:110), jdk.internal.reflect.GeneratedMethodAccessor318.invoke(Unknown Source), java.base/jdk.internal.reflect.DelegatingMethodAccessorImpl.invoke(DelegatingMethodAccessorImpl.java:43), java.base/java.lang.reflect.Method.invoke(Method.java:569), org.testng.internal.invokers.MethodInvocationHelper.invokeMethod(MethodInvocationHelper.java:141), org.testng.internal.invokers.MethodInvocationHelper.invokeMethodConsideringTimeout(MethodInvocationHelper.java:71), org.testng.internal.invokers.ConfigInvoker.invokeConfigurationMethod(ConfigInvoker.java:400), org.testng.internal.invokers.ConfigInvoker.invokeConfigurations(ConfigInvoker.java:333), org.testng.internal.invokers.TestInvoker.runConfigMethods(TestInvoker.java:836), org.testng.internal.invokers.TestInvoker.invokeMethod(TestInvoker.java:601), org.testng.internal.invokers.TestInvoker.retryFailed(TestInvoker.java:269), org.testng.internal.invokers.MethodRunner.runInSequence(MethodRunner.java:76), org.testng.internal.invokers.TestInvoker$MethodInvocationAgent.invoke(TestInvoker.java:995), org.testng.internal.invokers.TestInvoker.invokeTestMethods(TestInvoker.java:203), org.testng.internal.invokers.TestMethodWorker.invokeTestMethods(TestMethodWorker.java:154), org.testng.internal.invokers.TestMethodWorker.run(TestMethodWorker.java:134), java.base/java.util.ArrayList.forEach(ArrayList.java:1511), org.testng.TestRunner.privateRun(TestRunner.java:741), org.testng.TestRunner.run(TestRunner.java:616), org.testng.SuiteRunner.runTest(SuiteRunner.java:421), org.testng.SuiteRunner$SuiteWorker.run(SuiteRunner.java:463), org.testng.internal.thread.ThreadUtil.lambda$execute$0(ThreadUtil.java:64), java.base/java.util.concurrent.FutureTask.run(FutureTask.java:264), java.base/java.util.concurrent.ThreadPoolExecutor.runWorker(ThreadPoolExecutor.java:1136), java.base/java.util.concurrent.ThreadPoolExecutor$Worker.run(ThreadPoolExecutor.java:635), java.base/java.lang.Thread.run(Thread.java:840)]","time":{"start":1742569630633,"stop":1742569633409,"duration":2776}},{"uid":"5e747bd353671026","reportUrl":"https://circlek-global.github.io/gmbat-tests-eu-mobile-automation/1470//#testresult/5e747bd353671026","status":"broken","statusDetails":"Test '[EXTRA Tier 2] CWS plan consumption with current flow - SE' failed due to configuration error!\nError details\n1 expectation failed.\nExpected status code <200> but was <422>.\n\n[java.base/jdk.internal.reflect.GeneratedConstructorAccessor198.newInstance(Unknown Source), java.base/jdk.internal.reflect.DelegatingConstructorAccessorImpl.newInstance(DelegatingConstructorAccessorImpl.java:45), java.base/java.lang.reflect.Constructor.newInstanceWithCaller(Constructor.java:500), java.base/java.lang.reflect.Constructor.newInstance(Constructor.java:481), org.codehaus.groovy.reflection.CachedConstructor.invoke(CachedConstructor.java:73), org.codehaus.groovy.runtime.callsite.ConstructorSite$ConstructorSiteNoUnwrapNoCoerce.callConstructor(ConstructorSite.java:108), org.codehaus.groovy.runtime.callsite.AbstractCallSite.callConstructor(AbstractCallSite.java:277), io.restassured.internal.ResponseSpecificationImpl$HamcrestAssertionClosure.validate(ResponseSpecificationImpl.groovy:512), io.restassured.internal.ResponseSpecificationImpl$HamcrestAssertionClosure$validate$1.call(Unknown Source), io.restassured.internal.ResponseSpecificationImpl.validateResponseIfRequired(ResponseSpecificationImpl.groovy:696), io.restassured.internal.ResponseSpecificationImpl.this$2$validateResponseIfRequired(ResponseSpecificationImpl.groovy), jdk.internal.reflect.GeneratedMethodAccessor176.invoke(Unknown Source), java.base/jdk.internal.reflect.DelegatingMethodAccessorImpl.invoke(DelegatingMethodAccessorImpl.java:43), java.base/java.lang.reflect.Method.invoke(Method.java:569), org.codehaus.groovy.runtime.callsite.PlainObjectMetaMethodSite.doInvoke(PlainObjectMetaMethodSite.java:43), org.codehaus.groovy.runtime.callsite.PogoMetaMethodSite$PogoCachedMethodSiteNoUnwrapNoCoerce.invoke(PogoMetaMethodSite.java:198), org.codehaus.groovy.runtime.callsite.PogoMetaMethodSite.callCurrent(PogoMetaMethodSite.java:62), org.codehaus.groovy.runtime.callsite.AbstractCallSite.callCurrent(AbstractCallSite.java:185), io.restassured.internal.ResponseSpecificationImpl.statusCode(ResponseSpecificationImpl.groovy:135), io.restassured.specification.ResponseSpecification$statusCode$1.callCurrent(Unknown Source), io.restassured.internal.ResponseSpecificationImpl.statusCode(ResponseSpecificationImpl.groovy:143), io.restassured.internal.ValidatableResponseOptionsImpl.statusCode(ValidatableResponseOptionsImpl.java:89), com.gmap.core.API.BaseUtils.validateServerResponse(BaseUtils.java:93), settings.hooks.utils.CommonTestsSetup.registerCWSInLiquidBarcode(CommonTestsSetup.java:881), settings.hooks.utils.CommonTestsSetup.enrollUserToCWS(CommonTestsSetup.java:713), settings.hooks.HooksActions.handleEnrollCWS(HooksActions.java:822), settings.hooks.HooksActions.lambda$enrollCWSHandler$45(HooksActions.java:483), com.gmap.core.interfaces.ConditionalExecutor.conditionalAction(ConditionalExecutor.java:21), settings.hooks.HooksActions.enrollCWSHandler(HooksActions.java:482), settings.hooks.HooksActions.lambda$testMethodActions$11(HooksActions.java:295), settings.hooks.HooksActions.lambda$testMethodActions$18(HooksActions.java:307), java.base/java.util.stream.ForEachOps$ForEachOp$OfRef.accept(ForEachOps.java:183), java.base/java.util.stream.ReferencePipeline$2$1.accept(ReferencePipeline.java:179), java.base/java.util.Spliterators$ArraySpliterator.forEachRemaining(Spliterators.java:992), java.base/java.util.stream.AbstractPipeline.copyInto(AbstractPipeline.java:509), java.base/java.util.stream.AbstractPipeline.wrapAndCopyInto(AbstractPipeline.java:499), java.base/java.util.stream.ForEachOps$ForEachOp.evaluateSequential(ForEachOps.java:150), java.base/java.util.stream.ForEachOps$ForEachOp$OfRef.evaluateSequential(ForEachOps.java:173), java.base/java.util.stream.AbstractPipeline.evaluate(AbstractPipeline.java:234), java.base/java.util.stream.ReferencePipeline.forEach(ReferencePipeline.java:596), settings.hooks.HooksActions.testMethodActions(HooksActions.java:307), settings.hooks.Hooks.baseBeforeMethod(Hooks.java:104), jdk.internal.reflect.GeneratedMethodAccessor317.invoke(Unknown Source), java.base/jdk.internal.reflect.DelegatingMethodAccessorImpl.invoke(DelegatingMethodAccessorImpl.java:43), java.base/java.lang.reflect.Method.invoke(Method.java:569), org.testng.internal.invokers.MethodInvocationHelper.invokeMethod(MethodInvocationHelper.java:141), org.testng.internal.invokers.MethodInvocationHelper.invokeMethodConsideringTimeout(MethodInvocationHelper.java:71), org.testng.internal.invokers.ConfigInvoker.invokeConfigurationMethod(ConfigInvoker.java:400), org.testng.internal.invokers.ConfigInvoker.invokeConfigurations(ConfigInvoker.java:333), org.testng.internal.invokers.TestInvoker.runConfigMethods(TestInvoker.java:836), org.testng.internal.invokers.TestInvoker.invokeMethod(TestInvoker.java:601), org.testng.internal.invokers.TestInvoker.retryFailed(TestInvoker.java:269), org.testng.internal.invokers.MethodRunner.runInSequence(MethodRunner.java:76), org.testng.internal.invokers.TestInvoker$MethodInvocationAgent.invoke(TestInvoker.java:995), org.testng.internal.invokers.TestInvoker.invokeTestMethods(TestInvoker.java:203), org.testng.internal.invokers.TestMethodWorker.invokeTestMethods(TestMethodWorker.java:154), org.testng.internal.invokers.TestMethodWorker.run(TestMethodWorker.java:134), java.base/java.util.ArrayList.forEach(ArrayList.java:1511), org.testng.TestRunner.privateRun(TestRunner.java:741), org.testng.TestRunner.run(TestRunner.java:616), org.testng.SuiteRunner.runTest(SuiteRunner.java:421), org.testng.SuiteRunner$SuiteWorker.run(SuiteRunner.java:463), org.testng.internal.thread.ThreadUtil.lambda$execute$0(ThreadUtil.java:64), java.base/java.util.concurrent.FutureTask.run(FutureTask.java:264), java.base/java.util.concurrent.ThreadPoolExecutor.runWorker(ThreadPoolExecutor.java:1136), java.base/java.util.concurrent.ThreadPoolExecutor$Worker.run(ThreadPoolExecutor.java:635), java.base/java.lang.Thread.run(Thread.java:840)]","time":{"start":1742394953973,"stop":1742394956683,"duration":2710}},{"uid":"c7dca902d4b4ef72","reportUrl":"https://circlek-global.github.io/gmbat-tests-eu-mobile-automation/1455//#testresult/c7dca902d4b4ef72","status":"broken","statusDetails":"Test '[EXTRA Tier 2] CWS plan consumption with current flow - SE' failed due to configuration error: 1 expectation failed.\nExpected status code <200> but was <422>.\n\n[java.base/jdk.internal.reflect.NativeConstructorAccessorImpl.newInstance0(Native Method), java.base/jdk.internal.reflect.NativeConstructorAccessorImpl.newInstance(NativeConstructorAccessorImpl.java:77), java.base/jdk.internal.reflect.DelegatingConstructorAccessorImpl.newInstance(DelegatingConstructorAccessorImpl.java:45), java.base/java.lang.reflect.Constructor.newInstanceWithCaller(Constructor.java:500), java.base/java.lang.reflect.Constructor.newInstance(Constructor.java:481), org.codehaus.groovy.reflection.CachedConstructor.invoke(CachedConstructor.java:73), org.codehaus.groovy.runtime.callsite.ConstructorSite$ConstructorSiteNoUnwrapNoCoerce.callConstructor(ConstructorSite.java:108), org.codehaus.groovy.runtime.callsite.AbstractCallSite.callConstructor(AbstractCallSite.java:277), io.restassured.internal.ResponseSpecificationImpl$HamcrestAssertionClosure.validate(ResponseSpecificationImpl.groovy:512), io.restassured.internal.ResponseSpecificationImpl$HamcrestAssertionClosure$validate$1.call(Unknown Source), io.restassured.internal.ResponseSpecificationImpl.validateResponseIfRequired(ResponseSpecificationImpl.groovy:696), io.restassured.internal.ResponseSpecificationImpl.this$2$validateResponseIfRequired(ResponseSpecificationImpl.groovy), jdk.internal.reflect.GeneratedMethodAccessor176.invoke(Unknown Source), java.base/jdk.internal.reflect.DelegatingMethodAccessorImpl.invoke(DelegatingMethodAccessorImpl.java:43), java.base/java.lang.reflect.Method.invoke(Method.java:569), org.codehaus.groovy.runtime.callsite.PlainObjectMetaMethodSite.doInvoke(PlainObjectMetaMethodSite.java:43), org.codehaus.groovy.runtime.callsite.PogoMetaMethodSite$PogoCachedMethodSiteNoUnwrapNoCoerce.invoke(PogoMetaMethodSite.java:198), org.codehaus.groovy.runtime.callsite.PogoMetaMethodSite.callCurrent(PogoMetaMethodSite.java:62), org.codehaus.groovy.runtime.callsite.AbstractCallSite.callCurrent(AbstractCallSite.java:185), io.restassured.internal.ResponseSpecificationImpl.statusCode(ResponseSpecificationImpl.groovy:135), io.restassured.specification.ResponseSpecification$statusCode$1.callCurrent(Unknown Source), io.restassured.internal.ResponseSpecificationImpl.statusCode(ResponseSpecificationImpl.groovy:143), io.restassured.internal.ValidatableResponseOptionsImpl.statusCode(ValidatableResponseOptionsImpl.java:89), com.gmap.core.API.BaseUtils.validateServerResponse(BaseUtils.java:93), settings.hooks.utils.CommonTestsSetup.registerCWSInLiquidBarcode(CommonTestsSetup.java:880), settings.hooks.utils.CommonTestsSetup.enrollUserToCWS(CommonTestsSetup.java:712), settings.hooks.HooksActions.handleEnrollCWS(HooksActions.java:805), settings.hooks.HooksActions.lambda$enrollCWSHandler$45(HooksActions.java:468), com.gmap.core.interfaces.ConditionalExecutor.conditionalAction(ConditionalExecutor.java:21), settings.hooks.HooksActions.enrollCWSHandler(HooksActions.java:467), settings.hooks.HooksActions.lambda$testMethodActions$11(HooksActions.java:280), settings.hooks.HooksActions.lambda$testMethodActions$18(HooksActions.java:292), java.base/java.util.stream.ForEachOps$ForEachOp$OfRef.accept(ForEachOps.java:183), java.base/java.util.stream.ReferencePipeline$2$1.accept(ReferencePipeline.java:179), java.base/java.util.Spliterators$ArraySpliterator.forEachRemaining(Spliterators.java:992), java.base/java.util.stream.AbstractPipeline.copyInto(AbstractPipeline.java:509), java.base/java.util.stream.AbstractPipeline.wrapAndCopyInto(AbstractPipeline.java:499), java.base/java.util.stream.ForEachOps$ForEachOp.evaluateSequential(ForEachOps.java:150), java.base/java.util.stream.ForEachOps$ForEachOp$OfRef.evaluateSequential(ForEachOps.java:173), java.base/java.util.stream.AbstractPipeline.evaluate(AbstractPipeline.java:234), java.base/java.util.stream.ReferencePipeline.forEach(ReferencePipeline.java:596), settings.hooks.HooksActions.testMethodActions(HooksActions.java:292), settings.hooks.Hooks.baseBeforeMethod(Hooks.java:95), jdk.internal.reflect.GeneratedMethodAccessor304.invoke(Unknown Source), java.base/jdk.internal.reflect.DelegatingMethodAccessorImpl.invoke(DelegatingMethodAccessorImpl.java:43), java.base/java.lang.reflect.Method.invoke(Method.java:569), org.testng.internal.invokers.MethodInvocationHelper.invokeMethod(MethodInvocationHelper.java:141), org.testng.internal.invokers.MethodInvocationHelper.invokeMethodConsideringTimeout(MethodInvocationHelper.java:71), org.testng.internal.invokers.ConfigInvoker.invokeConfigurationMethod(ConfigInvoker.java:400), org.testng.internal.invokers.ConfigInvoker.invokeConfigurations(ConfigInvoker.java:333), org.testng.internal.invokers.TestInvoker.runConfigMethods(TestInvoker.java:836), org.testng.internal.invokers.TestInvoker.invokeMethod(TestInvoker.java:601), org.testng.internal.invokers.TestInvoker.retryFailed(TestInvoker.java:269), org.testng.internal.invokers.MethodRunner.runInSequence(MethodRunner.java:76), org.testng.internal.invokers.TestInvoker$MethodInvocationAgent.invoke(TestInvoker.java:995), org.testng.internal.invokers.TestInvoker.invokeTestMethods(TestInvoker.java:203), org.testng.internal.invokers.TestMethodWorker.invokeTestMethods(TestMethodWorker.java:154), org.testng.internal.invokers.TestMethodWorker.run(TestMethodWorker.java:134), java.base/java.util.ArrayList.forEach(ArrayList.java:1511), org.testng.TestRunner.privateRun(TestRunner.java:741), org.testng.TestRunner.run(TestRunner.java:616), org.testng.SuiteRunner.runTest(SuiteRunner.java:421), org.testng.SuiteRunner$SuiteWorker.run(SuiteRunner.java:463), org.testng.internal.thread.ThreadUtil.lambda$execute$0(ThreadUtil.java:64), java.base/java.util.concurrent.FutureTask.run(FutureTask.java:264), java.base/java.util.concurrent.ThreadPoolExecutor.runWorker(ThreadPoolExecutor.java:1136), java.base/java.util.concurrent.ThreadPoolExecutor$Worker.run(ThreadPoolExecutor.java:635), java.base/java.lang.Thread.run(Thread.java:840)]","time":{"start":1742307868704,"stop":1742307870723,"duration":2019}},{"uid":"ff617e9f7ce7dc9","reportUrl":"https://circlek-global.github.io/gmbat-tests-eu-mobile-automation/1442//#testresult/ff617e9f7ce7dc9","status":"broken","statusDetails":"Test '[EXTRA Tier 2] CWS plan consumption with current flow - SE' failed due to configuration error: 1 expectation failed.\nExpected status code <200> but was <422>.\n\n[java.base/jdk.internal.reflect.NativeConstructorAccessorImpl.newInstance0(Native Method), java.base/jdk.internal.reflect.NativeConstructorAccessorImpl.newInstance(NativeConstructorAccessorImpl.java:77), java.base/jdk.internal.reflect.DelegatingConstructorAccessorImpl.newInstance(DelegatingConstructorAccessorImpl.java:45), java.base/java.lang.reflect.Constructor.newInstanceWithCaller(Constructor.java:500), java.base/java.lang.reflect.Constructor.newInstance(Constructor.java:481), org.codehaus.groovy.reflection.CachedConstructor.invoke(CachedConstructor.java:73), org.codehaus.groovy.runtime.callsite.ConstructorSite$ConstructorSiteNoUnwrapNoCoerce.callConstructor(ConstructorSite.java:108), org.codehaus.groovy.runtime.callsite.AbstractCallSite.callConstructor(AbstractCallSite.java:277), io.restassured.internal.ResponseSpecificationImpl$HamcrestAssertionClosure.validate(ResponseSpecificationImpl.groovy:512), io.restassured.internal.ResponseSpecificationImpl$HamcrestAssertionClosure$validate$1.call(Unknown Source), io.restassured.internal.ResponseSpecificationImpl.validateResponseIfRequired(ResponseSpecificationImpl.groovy:696), io.restassured.internal.ResponseSpecificationImpl.this$2$validateResponseIfRequired(ResponseSpecificationImpl.groovy), jdk.internal.reflect.GeneratedMethodAccessor178.invoke(Unknown Source), java.base/jdk.internal.reflect.DelegatingMethodAccessorImpl.invoke(DelegatingMethodAccessorImpl.java:43), java.base/java.lang.reflect.Method.invoke(Method.java:569), org.codehaus.groovy.runtime.callsite.PlainObjectMetaMethodSite.doInvoke(PlainObjectMetaMethodSite.java:43), org.codehaus.groovy.runtime.callsite.PogoMetaMethodSite$PogoCachedMethodSiteNoUnwrapNoCoerce.invoke(PogoMetaMethodSite.java:198), org.codehaus.groovy.runtime.callsite.PogoMetaMethodSite.callCurrent(PogoMetaMethodSite.java:62), org.codehaus.groovy.runtime.callsite.AbstractCallSite.callCurrent(AbstractCallSite.java:185), io.restassured.internal.ResponseSpecificationImpl.statusCode(ResponseSpecificationImpl.groovy:135), io.restassured.specification.ResponseSpecification$statusCode$1.callCurrent(Unknown Source), io.restassured.internal.ResponseSpecificationImpl.statusCode(ResponseSpecificationImpl.groovy:143), io.restassured.internal.ValidatableResponseOptionsImpl.statusCode(ValidatableResponseOptionsImpl.java:89), com.gmap.core.API.BaseUtils.validateServerResponse(BaseUtils.java:93), settings.hooks.utils.CommonTestsSetup.registerCWSInLiquidBarcode(CommonTestsSetup.java:880), settings.hooks.utils.CommonTestsSetup.enrollUserToCWS(CommonTestsSetup.java:712), settings.hooks.HooksActions.handleEnrollCWS(HooksActions.java:805), settings.hooks.HooksActions.lambda$enrollCWSHandler$45(HooksActions.java:468), com.gmap.core.interfaces.ConditionalExecutor.conditionalAction(ConditionalExecutor.java:21), settings.hooks.HooksActions.enrollCWSHandler(HooksActions.java:467), settings.hooks.HooksActions.lambda$testMethodActions$11(HooksActions.java:280), settings.hooks.HooksActions.lambda$testMethodActions$18(HooksActions.java:292), java.base/java.util.stream.ForEachOps$ForEachOp$OfRef.accept(ForEachOps.java:183), java.base/java.util.stream.ReferencePipeline$2$1.accept(ReferencePipeline.java:179), java.base/java.util.Spliterators$ArraySpliterator.forEachRemaining(Spliterators.java:992), java.base/java.util.stream.AbstractPipeline.copyInto(AbstractPipeline.java:509), java.base/java.util.stream.AbstractPipeline.wrapAndCopyInto(AbstractPipeline.java:499), java.base/java.util.stream.ForEachOps$ForEachOp.evaluateSequential(ForEachOps.java:150), java.base/java.util.stream.ForEachOps$ForEachOp$OfRef.evaluateSequential(ForEachOps.java:173), java.base/java.util.stream.AbstractPipeline.evaluate(AbstractPipeline.java:234), java.base/java.util.stream.ReferencePipeline.forEach(ReferencePipeline.java:596), settings.hooks.HooksActions.testMethodActions(HooksActions.java:292), settings.hooks.Hooks.baseBeforeMethod(Hooks.java:95), jdk.internal.reflect.GeneratedMethodAccessor327.invoke(Unknown Source), java.base/jdk.internal.reflect.DelegatingMethodAccessorImpl.invoke(DelegatingMethodAccessorImpl.java:43), java.base/java.lang.reflect.Method.invoke(Method.java:569), org.testng.internal.invokers.MethodInvocationHelper.invokeMethod(MethodInvocationHelper.java:141), org.testng.internal.invokers.MethodInvocationHelper.invokeMethodConsideringTimeout(MethodInvocationHelper.java:71), org.testng.internal.invokers.ConfigInvoker.invokeConfigurationMethod(ConfigInvoker.java:400), org.testng.internal.invokers.ConfigInvoker.invokeConfigurations(ConfigInvoker.java:333), org.testng.internal.invokers.TestInvoker.runConfigMethods(TestInvoker.java:836), org.testng.internal.invokers.TestInvoker.invokeMethod(TestInvoker.java:601), org.testng.internal.invokers.TestInvoker.retryFailed(TestInvoker.java:269), org.testng.internal.invokers.MethodRunner.runInSequence(MethodRunner.java:76), org.testng.internal.invokers.TestInvoker$MethodInvocationAgent.invoke(TestInvoker.java:995), org.testng.internal.invokers.TestInvoker.invokeTestMethods(TestInvoker.java:203), org.testng.internal.invokers.TestMethodWorker.invokeTestMethods(TestMethodWorker.java:154), org.testng.internal.invokers.TestMethodWorker.run(TestMethodWorker.java:134), java.base/java.util.ArrayList.forEach(ArrayList.java:1511), org.testng.TestRunner.privateRun(TestRunner.java:741), org.testng.TestRunner.run(TestRunner.java:616), org.testng.SuiteRunner.runTest(SuiteRunner.java:421), org.testng.SuiteRunner$SuiteWorker.run(SuiteRunner.java:463), org.testng.internal.thread.ThreadUtil.lambda$execute$0(ThreadUtil.java:64), java.base/java.util.concurrent.FutureTask.run(FutureTask.java:264), java.base/java.util.concurrent.ThreadPoolExecutor.runWorker(ThreadPoolExecutor.java:1136), java.base/java.util.concurrent.ThreadPoolExecutor$Worker.run(ThreadPoolExecutor.java:635), java.base/java.lang.Thread.run(Thread.java:840)]","time":{"start":1742218821872,"stop":1742218823839,"duration":1967}},{"uid":"76f09d403f1fc88a","reportUrl":"https://circlek-global.github.io/gmbat-tests-eu-mobile-automation/1425//#testresult/76f09d403f1fc88a","status":"broken","statusDetails":"Test '[EXTRA Tier 2] CWS plan consumption with current flow - SE' failed due to configuration error: 1 expectation failed.\nExpected status code <200> but was <422>.\n\n[java.base/jdk.internal.reflect.NativeConstructorAccessorImpl.newInstance0(Native Method), java.base/jdk.internal.reflect.NativeConstructorAccessorImpl.newInstance(NativeConstructorAccessorImpl.java:77), java.base/jdk.internal.reflect.DelegatingConstructorAccessorImpl.newInstance(DelegatingConstructorAccessorImpl.java:45), java.base/java.lang.reflect.Constructor.newInstanceWithCaller(Constructor.java:500), java.base/java.lang.reflect.Constructor.newInstance(Constructor.java:481), org.codehaus.groovy.reflection.CachedConstructor.invoke(CachedConstructor.java:73), org.codehaus.groovy.runtime.callsite.ConstructorSite$ConstructorSiteNoUnwrapNoCoerce.callConstructor(ConstructorSite.java:108), org.codehaus.groovy.runtime.callsite.AbstractCallSite.callConstructor(AbstractCallSite.java:277), io.restassured.internal.ResponseSpecificationImpl$HamcrestAssertionClosure.validate(ResponseSpecificationImpl.groovy:512), io.restassured.internal.ResponseSpecificationImpl$HamcrestAssertionClosure$validate$1.call(Unknown Source), io.restassured.internal.ResponseSpecificationImpl.validateResponseIfRequired(ResponseSpecificationImpl.groovy:696), io.restassured.internal.ResponseSpecificationImpl.this$2$validateResponseIfRequired(ResponseSpecificationImpl.groovy), jdk.internal.reflect.GeneratedMethodAccessor178.invoke(Unknown Source), java.base/jdk.internal.reflect.DelegatingMethodAccessorImpl.invoke(DelegatingMethodAccessorImpl.java:43), java.base/java.lang.reflect.Method.invoke(Method.java:569), org.codehaus.groovy.runtime.callsite.PlainObjectMetaMethodSite.doInvoke(PlainObjectMetaMethodSite.java:43), org.codehaus.groovy.runtime.callsite.PogoMetaMethodSite$PogoCachedMethodSiteNoUnwrapNoCoerce.invoke(PogoMetaMethodSite.java:198), org.codehaus.groovy.runtime.callsite.PogoMetaMethodSite.callCurrent(PogoMetaMethodSite.java:62), org.codehaus.groovy.runtime.callsite.AbstractCallSite.callCurrent(AbstractCallSite.java:185), io.restassured.internal.ResponseSpecificationImpl.statusCode(ResponseSpecificationImpl.groovy:135), io.restassured.specification.ResponseSpecification$statusCode$1.callCurrent(Unknown Source), io.restassured.internal.ResponseSpecificationImpl.statusCode(ResponseSpecificationImpl.groovy:143), io.restassured.internal.ValidatableResponseOptionsImpl.statusCode(ValidatableResponseOptionsImpl.java:89), com.gmap.core.API.BaseUtils.validateServerResponse(BaseUtils.java:93), settings.hooks.utils.CommonTestsSetup.registerCWSInLiquidBarcode(CommonTestsSetup.java:880), settings.hooks.utils.CommonTestsSetup.enrollUserToCWS(CommonTestsSetup.java:712), settings.hooks.HooksActions.handleEnrollCWS(HooksActions.java:805), settings.hooks.HooksActions.lambda$enrollCWSHandler$45(HooksActions.java:468), com.gmap.core.interfaces.ConditionalExecutor.conditionalAction(ConditionalExecutor.java:21), settings.hooks.HooksActions.enrollCWSHandler(HooksActions.java:467), settings.hooks.HooksActions.lambda$testMethodActions$11(HooksActions.java:280), settings.hooks.HooksActions.lambda$testMethodActions$18(HooksActions.java:292), java.base/java.util.stream.ForEachOps$ForEachOp$OfRef.accept(ForEachOps.java:183), java.base/java.util.stream.ReferencePipeline$2$1.accept(ReferencePipeline.java:179), java.base/java.util.Spliterators$ArraySpliterator.forEachRemaining(Spliterators.java:992), java.base/java.util.stream.AbstractPipeline.copyInto(AbstractPipeline.java:509), java.base/java.util.stream.AbstractPipeline.wrapAndCopyInto(AbstractPipeline.java:499), java.base/java.util.stream.ForEachOps$ForEachOp.evaluateSequential(ForEachOps.java:150), java.base/java.util.stream.ForEachOps$ForEachOp$OfRef.evaluateSequential(ForEachOps.java:173), java.base/java.util.stream.AbstractPipeline.evaluate(AbstractPipeline.java:234), java.base/java.util.stream.ReferencePipeline.forEach(ReferencePipeline.java:596), settings.hooks.HooksActions.testMethodActions(HooksActions.java:292), settings.hooks.Hooks.baseBeforeMethod(Hooks.java:95), jdk.internal.reflect.GeneratedMethodAccessor304.invoke(Unknown Source), java.base/jdk.internal.reflect.DelegatingMethodAccessorImpl.invoke(DelegatingMethodAccessorImpl.java:43), java.base/java.lang.reflect.Method.invoke(Method.java:569), org.testng.internal.invokers.MethodInvocationHelper.invokeMethod(MethodInvocationHelper.java:141), org.testng.internal.invokers.MethodInvocationHelper.invokeMethodConsideringTimeout(MethodInvocationHelper.java:71), org.testng.internal.invokers.ConfigInvoker.invokeConfigurationMethod(ConfigInvoker.java:400), org.testng.internal.invokers.ConfigInvoker.invokeConfigurations(ConfigInvoker.java:333), org.testng.internal.invokers.TestInvoker.runConfigMethods(TestInvoker.java:836), org.testng.internal.invokers.TestInvoker.invokeMethod(TestInvoker.java:601), org.testng.internal.invokers.TestInvoker.retryFailed(TestInvoker.java:269), org.testng.internal.invokers.MethodRunner.runInSequence(MethodRunner.java:76), org.testng.internal.invokers.TestInvoker$MethodInvocationAgent.invoke(TestInvoker.java:995), org.testng.internal.invokers.TestInvoker.invokeTestMethods(TestInvoker.java:203), org.testng.internal.invokers.TestMethodWorker.invokeTestMethods(TestMethodWorker.java:154), org.testng.internal.invokers.TestMethodWorker.run(TestMethodWorker.java:134), java.base/java.util.ArrayList.forEach(ArrayList.java:1511), org.testng.TestRunner.privateRun(TestRunner.java:741), org.testng.TestRunner.run(TestRunner.java:616), org.testng.SuiteRunner.runTest(SuiteRunner.java:421), org.testng.SuiteRunner$SuiteWorker.run(SuiteRunner.java:463), org.testng.internal.thread.ThreadUtil.lambda$execute$0(ThreadUtil.java:64), java.base/java.util.concurrent.FutureTask.run(FutureTask.java:264), java.base/java.util.concurrent.ThreadPoolExecutor.runWorker(ThreadPoolExecutor.java:1136), java.base/java.util.concurrent.ThreadPoolExecutor$Worker.run(ThreadPoolExecutor.java:635), java.base/java.lang.Thread.run(Thread.java:840)]","time":{"start":1741962513008,"stop":1741962515407,"duration":2399}},{"uid":"c052000f85a69b73","reportUrl":"https://circlek-global.github.io/gmbat-tests-eu-mobile-automation/1411//#testresult/c052000f85a69b73","status":"passed","time":{"start":1741875535514,"stop":1741876005224,"duration":469710}},{"uid":"45b6b719ff0f8532","reportUrl":"https://circlek-global.github.io/gmbat-tests-eu-mobile-automation/1357//#testresult/45b6b719ff0f8532","status":"passed","time":{"start":1741615815974,"stop":1741616281713,"duration":465739}},{"uid":"5c32890c5e4a4b0e","reportUrl":"https://circlek-global.github.io/gmbat-tests-eu-mobile-automation/1345//#testresult/5c32890c5e4a4b0e","status":"passed","time":{"start":1741357246401,"stop":1741357716650,"duration":470249}},{"uid":"32c68825df37af99","reportUrl":"https://circlek-global.github.io/gmbat-tests-eu-mobile-automation/1326//#testresult/32c68825df37af99","status":"passed","time":{"start":1741273205064,"stop":1741273668857,"duration":463793}},{"uid":"85177e6208b9c269","reportUrl":"https://circlek-global.github.io/gmbat-tests-eu-mobile-automation/1286//#testresult/85177e6208b9c269","status":"passed","time":{"start":1741098545693,"stop":1741099007531,"duration":461838}},{"uid":"f936b29dd2084d18","reportUrl":"https://circlek-global.github.io/gmbat-tests-eu-mobile-automation/1269//#testresult/f936b29dd2084d18","status":"skipped","statusDetails":"1 expectation failed.\nExpected status code <200> but was <500>.\n","time":{"start":1741012086958,"stop":1741012086958,"duration":0}},{"uid":"c959b31515e1925","reportUrl":"https://circlek-global.github.io/gmbat-tests-eu-mobile-automation/1247//#testresult/c959b31515e1925","status":"passed","time":{"start":1740666288593,"stop":1740666756347,"duration":467754}},{"uid":"579fe40717124167","reportUrl":"https://circlek-global.github.io/gmbat-tests-eu-mobile-automation/1237//#testresult/579fe40717124167","status":"passed","time":{"start":1740578344173,"stop":1740578771195,"duration":427022}},{"uid":"b0737de7f4eff691","reportUrl":"https://circlek-global.github.io/gmbat-tests-eu-mobile-automation/1202//#testresult/b0737de7f4eff691","status":"skipped","statusDetails":"1 expectation failed.\nExpected status code <202> but was <503>.\n","time":{"start":1740146331168,"stop":1740146331168,"duration":0}},{"uid":"b71f10f5fcf167fc","reportUrl":"https://circlek-global.github.io/gmbat-tests-eu-mobile-automation/1188//#testresult/b71f10f5fcf167fc","status":"passed","time":{"start":1740060619250,"stop":1740061044969,"duration":425719}},{"uid":"23e9cfd2bbef82da","reportUrl":"https://circlek-global.github.io/gmbat-tests-eu-mobile-automation/1180//#testresult/23e9cfd2bbef82da","status":"passed","time":{"start":1739980580223,"stop":1739981041813,"duration":461590}},{"uid":"435c8a9bc358df47","reportUrl":"https://circlek-global.github.io/gmbat-tests-eu-mobile-automation/1171//#testresult/435c8a9bc358df47","status":"broken","statusDetails":"Element [By.xpath: //XCUIElementTypeStaticText[contains(@name, \"You are sooo close now!\") and contains(@name, '25 re/l') and contains(@name, '20 re/kWh')]] wasn't visible after [15] seconds!\nException: org.openqa.selenium.TimeoutException: Expected condition failed: Element [By.xpath: //XCUIElementTypeStaticText[contains(@name, \"You are sooo close now!\") and contains(@name, '25 re/l') and contains(@name, '20 re/kWh')]] wasn't visible after [15] seconds! (tried for 15 second(s) with 250 milliseconds interval)\nFor documentation on this error, please visit: https://www.selenium.dev/documentation/webdriver/troubleshooting/errors#no-such-element-exception\nBuild info: version: '4.19.0', revision: '5f9cec8963'\nSystem info: os.name: 'Linux', os.arch: 'amd64', os.version: '6.8.0-1021-azure', java.version: '17.0.14'\nDriver info: driver.version: unknown","time":{"start":1739894548872,"stop":1739894781440,"duration":232568}},{"uid":"f295fa098880ad17","reportUrl":"https://circlek-global.github.io/gmbat-tests-eu-mobile-automation/1155//#testresult/f295fa098880ad17","status":"broken","statusDetails":"A session is either terminated or not started\nBuild info: version: '4.19.0', revision: '5f9cec8963'\nSystem info: os.name: 'Linux', os.arch: 'amd64', os.version: '6.8.0-1021-azure', java.version: '17.0.14'\nDriver info: io.appium.java_client.ios.IOSDriver\nCommand: [3a4afe87-c304-4668-a22f-4785edf0fe33, executeScript {args=[{appId=com.circlek.gmap.eu.uat, bundleId=com.circlek.gmap.eu.uat}], script=mobile: terminateApp}]\nCapabilities {appium:additionalWebviewBundleIds: [KCC7K693HQ.KCC7K693HQ*], appium:appiumData: {appiumVersion: latest, automationName: XCUITest}, appium:autoAcceptAlerts: true, appium:automationName: XCUITest, appium:bundleId: com.circlek.gmap.eu.uat, appium:commandTimeouts: {default: 60000}, appium:databaseEnabled: false, appium:deviceContextId: 99c23994-0ece-4f1a-b7fa-211..., appium:deviceName: 00008120-000670EE0A62601E, appium:flutterSystemPort: 6314, appium:javascriptEnabled: true, appium:jobUuid: 692eca98872841beb784a41b136..., appium:language: en, appium:locale: en_GB, appium:locationContextEnabled: false, appium:networkConnectionEnabled: false, appium:newCommandTimeout: 90, appium:noReset: true, appium:orientation: PORTRAIT, appium:platformVersion: 18.3, appium:processArguments: {args: [-AppleLanguages, (en-GB), -AppleLocale, en_GB, -NSLanguages, (en)], env: {}}, appium:takesScreenshot: true, appium:testobject_device: iPhone_15_18_real, appium:testobject_device_name: iPhone 15, appium:testobject_device_session_id: f4a4a4c1-de57-424a-93ac-6d9..., appium:testobject_test_report_api_url: https://api.eu-central-1.sa..., appium:testobject_test_report_url: https://app.eu-central-1.sa..., appium:testobject_user_id: TomaszPopiolek, appium:udid: 00008120-000670EE0A62601E, appium:usedCachedDevice: false, appium:webDriverAgentUrl: http://127.0.0.1:5714, appium:webStorageEnabled: false, platformName: IOS, sauce:options: {accessKey: 5d20ff7c-06ab-436b-8fe9-20d..., appLaunchStateTimeoutSec: 50, appiumVersion: latest, build: GMAP EU | Monday: 17-02-2025, cacheId: bee681d4-d18e-420d-a21f-b0c..., name: [EXTRA Tier 2] CWS plan con..., realDevice: true, username: Kamil}}\nSession ID: 3a4afe87-c304-4668-a22f-4785edf0fe33","time":{"start":1739808693080,"stop":1739808693081,"duration":1}},{"uid":"82027ef36076704f","reportUrl":"https://circlek-global.github.io/gmbat-tests-eu-mobile-automation/1143//#testresult/82027ef36076704f","status":"passed","time":{"start":1739547957813,"stop":1739548445979,"duration":488166}}]},"tags":["CarWash"]},"source":"cfde42d8ed9846c9.json","parameterValues":["iPhone15"]}